# JRE version: OpenJDK Runtime Environment Temurin-17.0.10+7 (17.0.10+7) (build 17.0.10+7)
# Java VM: OpenJDK 64-Bit Server VM Temurin-17.0.10+7 (17.0.10+7, mixed mode, tiered, compressed oops, compressed class ptrs, parallel gc, windows-amd64)
GC Precious Log:
 CPUs: 12 total, 12 available
 Memory: 7824M
 Large Page Support: Disabled
 NUMA Support: Disabled
 Compressed Oops: Enabled (32-bit)
 Alignments: Space 512K, Generation 512K, Heap 2M
 Heap Min Capacity: 100M
 Heap Initial Capacity: 100M
 Heap Max Capacity: 1G
 Pre-touch: Disabled
 Parallel Workers: 10
Heap:
 PSYoungGen      total 9216K, used 6002K [0x00000000eab00000, 0x00000000eb880000, 0x0000000100000000)
  eden space 7680K, 58% used [0x00000000eab00000,0x00000000eaf5d278,0x00000000eb280000)
  from space 1536K, 99% used [0x00000000eb580000,0x00000000eb6ff748,0x00000000eb700000)
  to   space 3072K, 0% used [0x00000000eb280000,0x00000000eb280000,0x00000000eb580000)
 ParOldGen       total 125952K, used 112057K [0x00000000c0000000, 0x00000000c7b00000, 0x00000000eab00000)
  object space 125952K, 88% used [0x00000000c0000000,0x00000000c6d6e528,0x00000000c7b00000)
 Metaspace       used 72932K, committed 74176K, reserved 1179648K
  class space    used 7655K, committed 8192K, reserved 1048576K
GC Heap History (20 events):
Event: 13.312 GC heap before
{Heap before GC invocations=67 (full 5):
 PSYoungGen      total 9728K, used 9716K [0x00000000eab00000, 0x00000000eb900000, 0x0000000100000000)
  eden space 7680K, 100% used [0x00000000eab00000,0x00000000eb280000,0x00000000eb280000)
  from space 2048K, 99% used [0x00000000eb580000,0x00000000eb77d288,0x00000000eb780000)
  to   space 3072K, 0% used [0x00000000eb280000,0x00000000eb280000,0x00000000eb580000)
 ParOldGen       total 125952K, used 101857K [0x00000000c0000000, 0x00000000c7b00000, 0x00000000eab00000)
  object space 125952K, 80% used [0x00000000c0000000,0x00000000c63787b8,0x00000000c7b00000)
 Metaspace       used 70343K, committed 71552K, reserved 1114112K
  class space    used 7466K, committed 8000K, reserved 1048576K
}
Event: 13.316 GC heap after
{Heap after GC invocations=67 (full 5):
 PSYoungGen      total 9216K, used 1512K [0x00000000eab00000, 0x00000000eb700000, 0x0000000100000000)
  eden space 7680K, 0% used [0x00000000eab00000,0x00000000eab00000,0x00000000eb280000)
  from space 1536K, 98% used [0x00000000eb280000,0x00000000eb3fa0f8,0x00000000eb400000)
  to   space 2048K, 0% used [0x00000000eb500000,0x00000000eb500000,0x00000000eb700000)
 ParOldGen       total 125952K, used 103760K [0x00000000c0000000, 0x00000000c7b00000, 0x00000000eab00000)
  object space 125952K, 82% used [0x00000000c0000000,0x00000000c6554368,0x00000000c7b00000)
 Metaspace       used 70343K, committed 71552K, reserved 1114112K
  class space    used 7466K, committed 8000K, reserved 1048576K
}
Event: 13.401 GC heap before
{Heap before GC invocations=68 (full 5):
 PSYoungGen      total 9216K, used 9192K [0x00000000eab00000, 0x00000000eb700000, 0x0000000100000000)
  eden space 7680K, 100% used [0x00000000eab00000,0x00000000eb280000,0x00000000eb280000)
  from space 1536K, 98% used [0x00000000eb280000,0x00000000eb3fa0f8,0x00000000eb400000)
  to   space 2048K, 0% used [0x00000000eb500000,0x00000000eb500000,0x00000000eb700000)
 ParOldGen       total 125952K, used 103760K [0x00000000c0000000, 0x00000000c7b00000, 0x00000000eab00000)
  object space 125952K, 82% used [0x00000000c0000000,0x00000000c6554368,0x00000000c7b00000)
 Metaspace       used 70842K, committed 72064K, reserved 1114112K
  class space    used 7499K, committed 8064K, reserved 1048576K
}
Event: 13.404 GC heap after
{Heap after GC invocations=68 (full 5):
 PSYoungGen      total 9216K, used 2040K [0x00000000eab00000, 0x00000000eb880000, 0x0000000100000000)
  eden space 7168K, 0% used [0x00000000eab00000,0x00000000eab00000,0x00000000eb200000)
  from space 2048K, 99% used [0x00000000eb500000,0x00000000eb6fe3b0,0x00000000eb700000)
  to   space 3072K, 0% used [0x00000000eb200000,0x00000000eb200000,0x00000000eb500000)
 ParOldGen       total 125952K, used 104474K [0x00000000c0000000, 0x00000000c7b00000, 0x00000000eab00000)
  object space 125952K, 82% used [0x00000000c0000000,0x00000000c6606948,0x00000000c7b00000)
 Metaspace       used 70842K, committed 72064K, reserved 1114112K
  class space    used 7499K, committed 8064K, reserved 1048576K
}
Event: 13.449 GC heap before
{Heap before GC invocations=69 (full 5):
 PSYoungGen      total 9216K, used 9176K [0x00000000eab00000, 0x00000000eb880000, 0x0000000100000000)
  eden space 7168K, 99% used [0x00000000eab00000,0x00000000eb1f7c58,0x00000000eb200000)
  from space 2048K, 99% used [0x00000000eb500000,0x00000000eb6fe3b0,0x00000000eb700000)
  to   space 3072K, 0% used [0x00000000eb200000,0x00000000eb200000,0x00000000eb500000)
 ParOldGen       total 125952K, used 104474K [0x00000000c0000000, 0x00000000c7b00000, 0x00000000eab00000)
  object space 125952K, 82% used [0x00000000c0000000,0x00000000c6606948,0x00000000c7b00000)
 Metaspace       used 70974K, committed 72192K, reserved 1114112K
  class space    used 7505K, committed 8064K, reserved 1048576K
}
Event: 13.453 GC heap after
{Heap after GC invocations=69 (full 5):
 PSYoungGen      total 10240K, used 2220K [0x00000000eab00000, 0x00000000eb780000, 0x0000000100000000)
  eden space 7168K, 0% used [0x00000000eab00000,0x00000000eab00000,0x00000000eb200000)
  from space 3072K, 72% used [0x00000000eb200000,0x00000000eb42b270,0x00000000eb500000)
  to   space 2560K, 0% used [0x00000000eb500000,0x00000000eb500000,0x00000000eb780000)
 ParOldGen       total 125952K, used 106526K [0x00000000c0000000, 0x00000000c7b00000, 0x00000000eab00000)
  object space 125952K, 84% used [0x00000000c0000000,0x00000000c68078b8,0x00000000c7b00000)
 Metaspace       used 70974K, committed 72192K, reserved 1114112K
  class space    used 7505K, committed 8064K, reserved 1048576K
}
Event: 13.491 GC heap before
{Heap before GC invocations=70 (full 5):
 PSYoungGen      total 10240K, used 8014K [0x00000000eab00000, 0x00000000eb780000, 0x0000000100000000)
  eden space 7168K, 80% used [0x00000000eab00000,0x00000000eb0a85b8,0x00000000eb200000)
  from space 3072K, 72% used [0x00000000eb200000,0x00000000eb42b270,0x00000000eb500000)
  to   space 2560K, 0% used [0x00000000eb500000,0x00000000eb500000,0x00000000eb780000)
 ParOldGen       total 125952K, used 106526K [0x00000000c0000000, 0x00000000c7b00000, 0x00000000eab00000)
  object space 125952K, 84% used [0x00000000c0000000,0x00000000c68078b8,0x00000000c7b00000)
 Metaspace       used 71350K, committed 72576K, reserved 1114112K
  class space    used 7536K, committed 8128K, reserved 1048576K
}
Event: 13.493 GC heap after
{Heap after GC invocations=70 (full 5):
 PSYoungGen      total 9728K, used 2061K [0x00000000eab00000, 0x00000000eb780000, 0x0000000100000000)
  eden space 7168K, 0% used [0x00000000eab00000,0x00000000eab00000,0x00000000eb200000)
  from space 2560K, 80% used [0x00000000eb500000,0x00000000eb703680,0x00000000eb780000)
  to   space 2560K, 0% used [0x00000000eb280000,0x00000000eb280000,0x00000000eb500000)
 ParOldGen       total 125952K, used 106526K [0x00000000c0000000, 0x00000000c7b00000, 0x00000000eab00000)
  object space 125952K, 84% used [0x00000000c0000000,0x00000000c68078b8,0x00000000c7b00000)
 Metaspace       used 71350K, committed 72576K, reserved 1114112K
  class space    used 7536K, committed 8128K, reserved 1048576K
}
Event: 13.520 GC heap before
{Heap before GC invocations=71 (full 5):
 PSYoungGen      total 9728K, used 9229K [0x00000000eab00000, 0x00000000eb780000, 0x0000000100000000)
  eden space 7168K, 100% used [0x00000000eab00000,0x00000000eb200000,0x00000000eb200000)
  from space 2560K, 80% used [0x00000000eb500000,0x00000000eb703680,0x00000000eb780000)
  to   space 2560K, 0% used [0x00000000eb280000,0x00000000eb280000,0x00000000eb500000)
 ParOldGen       total 125952K, used 106526K [0x00000000c0000000, 0x00000000c7b00000, 0x00000000eab00000)
  object space 125952K, 84% used [0x00000000c0000000,0x00000000c68078b8,0x00000000c7b00000)
 Metaspace       used 71466K, committed 72704K, reserved 1114112K
  class space    used 7540K, committed 8128K, reserved 1048576K
}
Event: 13.522 GC heap after
{Heap after GC invocations=71 (full 5):
 PSYoungGen      total 10240K, used 2544K [0x00000000eab00000, 0x00000000ebc80000, 0x0000000100000000)
  eden space 7680K, 0% used [0x00000000eab00000,0x00000000eab00000,0x00000000eb280000)
  from space 2560K, 99% used [0x00000000eb280000,0x00000000eb4fc3d8,0x00000000eb500000)
  to   space 5120K, 0% used [0x00000000eb780000,0x00000000eb780000,0x00000000ebc80000)
 ParOldGen       total 125952K, used 108256K [0x00000000c0000000, 0x00000000c7b00000, 0x00000000eab00000)
  object space 125952K, 85% used [0x00000000c0000000,0x00000000c69b8140,0x00000000c7b00000)
 Metaspace       used 71466K, committed 72704K, reserved 1114112K
  class space    used 7540K, committed 8128K, reserved 1048576K
}
Event: 13.616 GC heap before
{Heap before GC invocations=72 (full 5):
 PSYoungGen      total 10240K, used 10224K [0x00000000eab00000, 0x00000000ebc80000, 0x0000000100000000)
  eden space 7680K, 100% used [0x00000000eab00000,0x00000000eb280000,0x00000000eb280000)
  from space 2560K, 99% used [0x00000000eb280000,0x00000000eb4fc3d8,0x00000000eb500000)
  to   space 5120K, 0% used [0x00000000eb780000,0x00000000eb780000,0x00000000ebc80000)
 ParOldGen       total 125952K, used 108256K [0x00000000c0000000, 0x00000000c7b00000, 0x00000000eab00000)
  object space 125952K, 85% used [0x00000000c0000000,0x00000000c69b8140,0x00000000c7b00000)
 Metaspace       used 71938K, committed 73152K, reserved 1114112K
  class space    used 7586K, committed 8128K, reserved 1048576K
}
Event: 13.620 GC heap after
{Heap after GC invocations=72 (full 5):
 PSYoungGen      total 9216K, used 1198K [0x00000000eab00000, 0x00000000eb900000, 0x0000000100000000)
  eden space 7680K, 0% used [0x00000000eab00000,0x00000000eab00000,0x00000000eb280000)
  from space 1536K, 78% used [0x00000000eb780000,0x00000000eb8aba18,0x00000000eb900000)
  to   space 2560K, 0% used [0x00000000eb400000,0x00000000eb400000,0x00000000eb680000)
 ParOldGen       total 125952K, used 110159K [0x00000000c0000000, 0x00000000c7b00000, 0x00000000eab00000)
  object space 125952K, 87% used [0x00000000c0000000,0x00000000c6b93db0,0x00000000c7b00000)
 Metaspace       used 71938K, committed 73152K, reserved 1114112K
  class space    used 7586K, committed 8128K, reserved 1048576K
}
Event: 13.680 GC heap before
{Heap before GC invocations=73 (full 5):
 PSYoungGen      total 9216K, used 8878K [0x00000000eab00000, 0x00000000eb900000, 0x0000000100000000)
  eden space 7680K, 100% used [0x00000000eab00000,0x00000000eb280000,0x00000000eb280000)
  from space 1536K, 78% used [0x00000000eb780000,0x00000000eb8aba18,0x00000000eb900000)
  to   space 2560K, 0% used [0x00000000eb400000,0x00000000eb400000,0x00000000eb680000)
 ParOldGen       total 125952K, used 110159K [0x00000000c0000000, 0x00000000c7b00000, 0x00000000eab00000)
  object space 125952K, 87% used [0x00000000c0000000,0x00000000c6b93db0,0x00000000c7b00000)
 Metaspace       used 72335K, committed 73600K, reserved 1179648K
  class space    used 7617K, committed 8192K, reserved 1048576K
}
Event: 13.682 GC heap after
{Heap after GC invocations=73 (full 5):
 PSYoungGen      total 10240K, used 2530K [0x00000000eab00000, 0x00000000eb880000, 0x0000000100000000)
  eden space 7680K, 0% used [0x00000000eab00000,0x00000000eab00000,0x00000000eb280000)
  from space 2560K, 98% used [0x00000000eb400000,0x00000000eb678b98,0x00000000eb680000)
  to   space 2048K, 0% used [0x00000000eb680000,0x00000000eb680000,0x00000000eb880000)
 ParOldGen       total 125952K, used 110183K [0x00000000c0000000, 0x00000000c7b00000, 0x00000000eab00000)
  object space 125952K, 87% used [0x00000000c0000000,0x00000000c6b99db0,0x00000000c7b00000)
 Metaspace       used 72335K, committed 73600K, reserved 1179648K
  class space    used 7617K, committed 8192K, reserved 1048576K
}
Event: 13.771 GC heap before
{Heap before GC invocations=74 (full 5):
 PSYoungGen      total 10240K, used 10210K [0x00000000eab00000, 0x00000000eb880000, 0x0000000100000000)
  eden space 7680K, 100% used [0x00000000eab00000,0x00000000eb280000,0x00000000eb280000)
  from space 2560K, 98% used [0x00000000eb400000,0x00000000eb678b98,0x00000000eb680000)
  to   space 2048K, 0% used [0x00000000eb680000,0x00000000eb680000,0x00000000eb880000)
 ParOldGen       total 125952K, used 110183K [0x00000000c0000000, 0x00000000c7b00000, 0x00000000eab00000)
  object space 125952K, 87% used [0x00000000c0000000,0x00000000c6b99db0,0x00000000c7b00000)
 Metaspace       used 72629K, committed 73920K, reserved 1179648K
  class space    used 7655K, committed 8192K, reserved 1048576K
}
Event: 13.773 GC heap after
{Heap after GC invocations=74 (full 5):
 PSYoungGen      total 9728K, used 1771K [0x00000000eab00000, 0x00000000eb880000, 0x0000000100000000)
  eden space 7680K, 0% used [0x00000000eab00000,0x00000000eab00000,0x00000000eb280000)
  from space 2048K, 86% used [0x00000000eb680000,0x00000000eb83ae70,0x00000000eb880000)
  to   space 2560K, 0% used [0x00000000eb380000,0x00000000eb380000,0x00000000eb600000)
 ParOldGen       total 125952K, used 110881K [0x00000000c0000000, 0x00000000c7b00000, 0x00000000eab00000)
  object space 125952K, 88% used [0x00000000c0000000,0x00000000c6c486e8,0x00000000c7b00000)
 Metaspace       used 72629K, committed 73920K, reserved 1179648K
  class space    used 7655K, committed 8192K, reserved 1048576K
}
Event: 13.854 GC heap before
{Heap before GC invocations=75 (full 5):
 PSYoungGen      total 9728K, used 9451K [0x00000000eab00000, 0x00000000eb880000, 0x0000000100000000)
  eden space 7680K, 100% used [0x00000000eab00000,0x00000000eb280000,0x00000000eb280000)
  from space 2048K, 86% used [0x00000000eb680000,0x00000000eb83ae70,0x00000000eb880000)
  to   space 2560K, 0% used [0x00000000eb380000,0x00000000eb380000,0x00000000eb600000)
 ParOldGen       total 125952K, used 110881K [0x00000000c0000000, 0x00000000c7b00000, 0x00000000eab00000)
  object space 125952K, 88% used [0x00000000c0000000,0x00000000c6c486e8,0x00000000c7b00000)
 Metaspace       used 72792K, committed 74048K, reserved 1179648K
  class space    used 7655K, committed 8192K, reserved 1048576K
}
Event: 13.855 GC heap after
{Heap after GC invocations=75 (full 5):
 PSYoungGen      total 8704K, used 736K [0x00000000eab00000, 0x00000000eb700000, 0x0000000100000000)
  eden space 7680K, 0% used [0x00000000eab00000,0x00000000eab00000,0x00000000eb280000)
  from space 1024K, 71% used [0x00000000eb380000,0x00000000eb438000,0x00000000eb480000)
  to   space 1536K, 0% used [0x00000000eb580000,0x00000000eb580000,0x00000000eb700000)
 ParOldGen       total 125952K, used 110889K [0x00000000c0000000, 0x00000000c7b00000, 0x00000000eab00000)
  object space 125952K, 88% used [0x00000000c0000000,0x00000000c6c4a6e8,0x00000000c7b00000)
 Metaspace       used 72792K, committed 74048K, reserved 1179648K
  class space    used 7655K, committed 8192K, reserved 1048576K
}
Event: 13.958 GC heap before
{Heap before GC invocations=76 (full 5):
 PSYoungGen      total 8704K, used 8416K [0x00000000eab00000, 0x00000000eb700000, 0x0000000100000000)
  eden space 7680K, 100% used [0x00000000eab00000,0x00000000eb280000,0x00000000eb280000)
  from space 1024K, 71% used [0x00000000eb380000,0x00000000eb438000,0x00000000eb480000)
  to   space 1536K, 0% used [0x00000000eb580000,0x00000000eb580000,0x00000000eb700000)
 ParOldGen       total 125952K, used 110889K [0x00000000c0000000, 0x00000000c7b00000, 0x00000000eab00000)
  object space 125952K, 88% used [0x00000000c0000000,0x00000000c6c4a6e8,0x00000000c7b00000)
 Metaspace       used 72850K, committed 74112K, reserved 1179648K
  class space    used 7655K, committed 8192K, reserved 1048576K
}
Event: 13.960 GC heap after
{Heap after GC invocations=76 (full 5):
 PSYoungGen      total 9216K, used 1533K [0x00000000eab00000, 0x00000000eb880000, 0x0000000100000000)
  eden space 7680K, 0% used [0x00000000eab00000,0x00000000eab00000,0x00000000eb280000)
  from space 1536K, 99% used [0x00000000eb580000,0x00000000eb6ff748,0x00000000eb700000)
  to   space 3072K, 0% used [0x00000000eb280000,0x00000000eb280000,0x00000000eb580000)
 ParOldGen       total 125952K, used 112057K [0x00000000c0000000, 0x00000000c7b00000, 0x00000000eab00000)
  object space 125952K, 88% used [0x00000000c0000000,0x00000000c6d6e528,0x00000000c7b00000)
 Metaspace       used 72850K, committed 74112K, reserved 1179648K
  class space    used 7655K, committed 8192K, reserved 1048576K
}

