# JRE version: OpenJDK Runtime Environment (Red_Hat-17.0.5.0+8-2) (17.0.5+8) (build 17.0.5+8-LTS)
# Java VM: OpenJDK 64-Bit Server VM (Red_Hat-17.0.5.0+8-2) (17.0.5+8-LTS, mixed mode, sharing, tiered, compressed oops, compressed class ptrs, g1 gc, windows-amd64)
GC Precious Log:
 CPUs: 12 total, 12 available
 Memory: 7824M
 Large Page Support: Disabled
 NUMA Support: Disabled
 Compressed Oops: Enabled (32-bit)
 Heap Region Size: 1M
 Heap Min Capacity: 8M
 Heap Initial Capacity: 124M
 Heap Max Capacity: 1958M
 Pre-touch: Disabled
 Parallel Workers: 10
 Concurrent Workers: 3
 Concurrent Refinement Workers: 10
 Periodic GC: Disabled
Heap:
 garbage-first heap   total 118784K, used 49680K [0x0000000085a00000, 0x0000000100000000)
  region size 1024K, 7 young (7168K), 1 survivors (1024K)
 Metaspace       used 32609K, committed 32832K, reserved 1081344K
  class space    used 3843K, committed 3968K, reserved 1048576K
GC Heap History (16 events):
Event: 3.465 GC heap before
{Heap before GC invocations=0 (full 0):
 garbage-first heap   total 126976K, used 22528K [0x0000000085a00000, 0x0000000100000000)
  region size 1024K, 23 young (23552K), 0 survivors (0K)
 Metaspace       used 5552K, committed 5760K, reserved 1056768K
  class space    used 664K, committed 768K, reserved 1048576K
}
Event: 3.470 GC heap after
{Heap after GC invocations=1 (full 0):
 garbage-first heap   total 126976K, used 3836K [0x0000000085a00000, 0x0000000100000000)
  region size 1024K, 3 young (3072K), 3 survivors (3072K)
 Metaspace       used 5552K, committed 5760K, reserved 1056768K
  class space    used 664K, committed 768K, reserved 1048576K
}
Event: 3.808 GC heap before
{Heap before GC invocations=1 (full 0):
 garbage-first heap   total 126976K, used 35580K [0x0000000085a00000, 0x0000000100000000)
  region size 1024K, 34 young (34816K), 3 survivors (3072K)
 Metaspace       used 10227K, committed 10368K, reserved 1064960K
  class space    used 1244K, committed 1344K, reserved 1048576K
}
Event: 3.815 GC heap after
{Heap after GC invocations=2 (full 0):
 garbage-first heap   total 126976K, used 5711K [0x0000000085a00000, 0x0000000100000000)
  region size 1024K, 2 young (2048K), 2 survivors (2048K)
 Metaspace       used 10227K, committed 10368K, reserved 1064960K
  class space    used 1244K, committed 1344K, reserved 1048576K
}
Event: 5.281 GC heap before
{Heap before GC invocations=2 (full 0):
 garbage-first heap   total 126976K, used 56911K [0x0000000085a00000, 0x0000000100000000)
  region size 1024K, 53 young (54272K), 2 survivors (2048K)
 Metaspace       used 21205K, committed 21504K, reserved 1073152K
  class space    used 2565K, committed 2688K, reserved 1048576K
}
Event: 5.286 GC heap after
{Heap after GC invocations=3 (full 0):
 garbage-first heap   total 126976K, used 12391K [0x0000000085a00000, 0x0000000100000000)
  region size 1024K, 9 young (9216K), 9 survivors (9216K)
 Metaspace       used 21205K, committed 21504K, reserved 1073152K
  class space    used 2565K, committed 2688K, reserved 1048576K
}
Event: 11.603 GC heap before
{Heap before GC invocations=4 (full 0):
 garbage-first heap   total 48128K, used 34919K [0x0000000085a00000, 0x0000000100000000)
  region size 1024K, 28 young (28672K), 9 survivors (9216K)
 Metaspace       used 26386K, committed 26624K, reserved 1073152K
  class space    used 3141K, committed 3264K, reserved 1048576K
}
Event: 11.609 GC heap after
{Heap after GC invocations=5 (full 0):
 garbage-first heap   total 50176K, used 19619K [0x0000000085a00000, 0x0000000100000000)
  region size 1024K, 4 young (4096K), 4 survivors (4096K)
 Metaspace       used 26386K, committed 26624K, reserved 1073152K
  class space    used 3141K, committed 3264K, reserved 1048576K
}
Event: 11.620 GC heap before
{Heap before GC invocations=5 (full 0):
 garbage-first heap   total 50176K, used 20643K [0x0000000085a00000, 0x0000000100000000)
  region size 1024K, 5 young (5120K), 4 survivors (4096K)
 Metaspace       used 26724K, committed 26944K, reserved 1073152K
  class space    used 3171K, committed 3264K, reserved 1048576K
}
Event: 11.624 GC heap after
{Heap after GC invocations=6 (full 0):
 garbage-first heap   total 50176K, used 19988K [0x0000000085a00000, 0x0000000100000000)
  region size 1024K, 1 young (1024K), 1 survivors (1024K)
 Metaspace       used 26724K, committed 26944K, reserved 1073152K
  class space    used 3171K, committed 3264K, reserved 1048576K
}
Event: 13.139 GC heap before
{Heap before GC invocations=6 (full 0):
 garbage-first heap   total 50176K, used 35348K [0x0000000085a00000, 0x0000000100000000)
  region size 1024K, 17 young (17408K), 1 survivors (1024K)
 Metaspace       used 31867K, committed 32128K, reserved 1081344K
  class space    used 3835K, committed 3968K, reserved 1048576K
}
Event: 13.142 GC heap after
{Heap after GC invocations=7 (full 0):
 garbage-first heap   total 50176K, used 23750K [0x0000000085a00000, 0x0000000100000000)
  region size 1024K, 3 young (3072K), 3 survivors (3072K)
 Metaspace       used 31867K, committed 32128K, reserved 1081344K
  class space    used 3835K, committed 3968K, reserved 1048576K
}
Event: 18.229 GC heap before
{Heap before GC invocations=7 (full 0):
 garbage-first heap   total 50176K, used 36038K [0x0000000085a00000, 0x0000000100000000)
  region size 1024K, 8 young (8192K), 3 survivors (3072K)
 Metaspace       used 32338K, committed 32640K, reserved 1081344K
  class space    used 3841K, committed 3968K, reserved 1048576K
}
Event: 18.231 GC heap after
{Heap after GC invocations=8 (full 0):
 garbage-first heap   total 50176K, used 32404K [0x0000000085a00000, 0x0000000100000000)
  region size 1024K, 1 young (1024K), 1 survivors (1024K)
 Metaspace       used 32338K, committed 32640K, reserved 1081344K
  class space    used 3841K, committed 3968K, reserved 1048576K
}
Event: 19.389 GC heap before
{Heap before GC invocations=9 (full 0):
 garbage-first heap   total 65536K, used 38548K [0x0000000085a00000, 0x0000000100000000)
  region size 1024K, 4 young (4096K), 1 survivors (1024K)
 Metaspace       used 32376K, committed 32640K, reserved 1081344K
  class space    used 3841K, committed 3968K, reserved 1048576K
}
Event: 19.391 GC heap after
{Heap after GC invocations=10 (full 0):
 garbage-first heap   total 118784K, used 36368K [0x0000000085a00000, 0x0000000100000000)
  region size 1024K, 1 young (1024K), 1 survivors (1024K)
 Metaspace       used 32376K, committed 32640K, reserved 1081344K
  class space    used 3841K, committed 3968K, reserved 1048576K
}

